mode: set
capstone/be/delivery/controller/request/request.go:22.59,24.2 1 1
capstone/be/delivery/controller/request/request.go:26.55,27.36 1 1
capstone/be/delivery/controller/request/request.go:27.36,31.41 2 1
capstone/be/delivery/controller/request/request.go:36.3,41.22 3 1
capstone/be/delivery/controller/request/request.go:46.3,48.27 2 1
capstone/be/delivery/controller/request/request.go:56.3,63.15 5 1
capstone/be/delivery/controller/request/request.go:31.41,33.4 1 0
capstone/be/delivery/controller/request/request.go:41.22,43.4 1 0
capstone/be/delivery/controller/request/request.go:48.27,50.54 1 1
capstone/be/delivery/controller/request/request.go:50.54,52.5 1 0
capstone/be/delivery/controller/request/request.go:64.24,66.42 1 1
capstone/be/delivery/controller/request/request.go:70.4,78.18 5 1
capstone/be/delivery/controller/request/request.go:82.4,82.97 1 1
capstone/be/delivery/controller/request/request.go:83.19,91.62 5 1
capstone/be/delivery/controller/request/request.go:95.4,95.97 1 1
capstone/be/delivery/controller/request/request.go:96.11,97.119 1 0
capstone/be/delivery/controller/request/request.go:66.42,68.5 1 0
capstone/be/delivery/controller/request/request.go:78.18,80.5 1 0
capstone/be/delivery/controller/request/request.go:91.62,93.5 1 0
capstone/be/delivery/controller/request/request.go:102.56,103.36 1 0
capstone/be/delivery/controller/request/request.go:103.36,105.63 1 0
capstone/be/delivery/controller/request/request.go:109.3,112.41 2 0
capstone/be/delivery/controller/request/request.go:117.3,123.27 4 0
capstone/be/delivery/controller/request/request.go:136.3,146.14 7 0
capstone/be/delivery/controller/request/request.go:168.3,176.17 5 0
capstone/be/delivery/controller/request/request.go:180.3,180.96 1 0
capstone/be/delivery/controller/request/request.go:105.63,107.4 1 0
capstone/be/delivery/controller/request/request.go:112.41,114.4 1 0
capstone/be/delivery/controller/request/request.go:123.27,125.15 1 0
capstone/be/delivery/controller/request/request.go:130.4,130.54 1 0
capstone/be/delivery/controller/request/request.go:125.15,127.5 1 0
capstone/be/delivery/controller/request/request.go:130.54,132.5 1 0
capstone/be/delivery/controller/request/request.go:147.12,154.18 3 0
capstone/be/delivery/controller/request/request.go:158.4,158.25 1 0
capstone/be/delivery/controller/request/request.go:159.28,160.39 1 0
capstone/be/delivery/controller/request/request.go:161.29,162.39 1 0
capstone/be/delivery/controller/request/request.go:163.11,165.113 2 0
capstone/be/delivery/controller/request/request.go:154.18,156.5 1 0
capstone/be/delivery/controller/request/request.go:176.17,178.4 1 0
capstone/be/delivery/controller/request/request.go:184.61,185.36 1 0
capstone/be/delivery/controller/request/request.go:185.36,189.17 2 0
capstone/be/delivery/controller/request/request.go:194.3,196.17 2 0
capstone/be/delivery/controller/request/request.go:200.3,203.44 2 0
capstone/be/delivery/controller/request/request.go:208.3,211.15 3 0
capstone/be/delivery/controller/request/request.go:189.17,191.4 1 0
capstone/be/delivery/controller/request/request.go:196.17,198.4 1 0
capstone/be/delivery/controller/request/request.go:203.44,205.4 1 0
capstone/be/delivery/controller/request/request.go:212.18,220.18 2 0
capstone/be/delivery/controller/request/request.go:225.4,227.18 2 0
capstone/be/delivery/controller/request/request.go:232.4,232.27 1 0
capstone/be/delivery/controller/request/request.go:237.4,237.57 1 0
capstone/be/delivery/controller/request/request.go:242.4,242.26 1 0
capstone/be/delivery/controller/request/request.go:249.4,252.18 2 0
capstone/be/delivery/controller/request/request.go:256.4,256.97 1 0
capstone/be/delivery/controller/request/request.go:257.24,263.98 1 0
capstone/be/delivery/controller/request/request.go:268.4,268.47 1 0
capstone/be/delivery/controller/request/request.go:288.4,291.18 2 0
capstone/be/delivery/controller/request/request.go:295.4,295.97 1 0
capstone/be/delivery/controller/request/request.go:297.11,299.125 1 0
capstone/be/delivery/controller/request/request.go:220.18,222.5 1 0
capstone/be/delivery/controller/request/request.go:227.18,229.5 1 0
capstone/be/delivery/controller/request/request.go:232.27,234.5 1 0
capstone/be/delivery/controller/request/request.go:237.57,239.5 1 0
capstone/be/delivery/controller/request/request.go:242.26,244.5 1 0
capstone/be/delivery/controller/request/request.go:244.10,246.5 1 0
capstone/be/delivery/controller/request/request.go:252.18,254.5 1 0
capstone/be/delivery/controller/request/request.go:263.98,265.5 1 0
capstone/be/delivery/controller/request/request.go:268.47,269.27 1 0
capstone/be/delivery/controller/request/request.go:269.27,271.6 1 0
capstone/be/delivery/controller/request/request.go:271.11,273.6 1 0
capstone/be/delivery/controller/request/request.go:274.10,274.62 1 0
capstone/be/delivery/controller/request/request.go:274.62,275.27 1 0
capstone/be/delivery/controller/request/request.go:275.27,277.6 1 0
capstone/be/delivery/controller/request/request.go:277.11,279.6 1 0
capstone/be/delivery/controller/request/request.go:291.18,293.5 1 0
capstone/be/delivery/controller/request/request.go:304.62,305.36 1 0
capstone/be/delivery/controller/request/request.go:305.36,309.17 2 0
capstone/be/delivery/controller/request/request.go:314.3,314.57 1 0
capstone/be/delivery/controller/request/request.go:318.3,321.44 2 0
capstone/be/delivery/controller/request/request.go:326.3,328.17 2 0
capstone/be/delivery/controller/request/request.go:333.3,333.56 1 0
capstone/be/delivery/controller/request/request.go:338.3,338.25 1 0
capstone/be/delivery/controller/request/request.go:345.3,348.17 2 0
capstone/be/delivery/controller/request/request.go:352.3,352.96 1 0
capstone/be/delivery/controller/request/request.go:309.17,311.4 1 0
capstone/be/delivery/controller/request/request.go:314.57,316.4 1 0
capstone/be/delivery/controller/request/request.go:321.44,323.4 1 0
capstone/be/delivery/controller/request/request.go:328.17,330.4 1 0
capstone/be/delivery/controller/request/request.go:333.56,335.4 1 0
capstone/be/delivery/controller/request/request.go:338.25,340.4 1 0
capstone/be/delivery/controller/request/request.go:340.9,342.4 1 0
capstone/be/delivery/controller/request/request.go:348.17,350.4 1 0
capstone/be/delivery/controller/request/request.go:356.60,357.36 1 0
capstone/be/delivery/controller/request/request.go:357.36,361.17 2 0
capstone/be/delivery/controller/request/request.go:366.3,366.63 1 0
capstone/be/delivery/controller/request/request.go:370.3,373.38 2 0
capstone/be/delivery/controller/request/request.go:378.3,380.17 2 0
capstone/be/delivery/controller/request/request.go:385.3,385.76 1 0
capstone/be/delivery/controller/request/request.go:404.3,404.95 1 0
capstone/be/delivery/controller/request/request.go:361.17,363.4 1 0
capstone/be/delivery/controller/request/request.go:366.63,368.4 1 0
capstone/be/delivery/controller/request/request.go:373.38,375.4 1 0
capstone/be/delivery/controller/request/request.go:380.17,382.4 1 0
capstone/be/delivery/controller/request/request.go:385.76,387.24 1 0
capstone/be/delivery/controller/request/request.go:394.4,397.18 2 0
capstone/be/delivery/controller/request/request.go:387.24,389.5 1 0
capstone/be/delivery/controller/request/request.go:389.10,391.5 1 0
capstone/be/delivery/controller/request/request.go:397.18,399.5 1 0
capstone/be/delivery/controller/request/request.go:400.9,402.4 1 0
capstone/be/delivery/controller/user/user.go:22.47,24.2 1 1
capstone/be/delivery/controller/user/user.go:26.51,27.36 1 1
capstone/be/delivery/controller/user/user.go:27.36,31.44 2 1
capstone/be/delivery/controller/user/user.go:36.3,42.27 4 1
capstone/be/delivery/controller/user/user.go:54.3,57.58 2 1
capstone/be/delivery/controller/user/user.go:82.3,82.101 1 1
capstone/be/delivery/controller/user/user.go:87.3,90.17 2 1
capstone/be/delivery/controller/user/user.go:94.3,94.80 1 1
capstone/be/delivery/controller/user/user.go:31.44,33.4 1 1
capstone/be/delivery/controller/user/user.go:42.27,44.15 1 1
capstone/be/delivery/controller/user/user.go:49.4,49.54 1 1
capstone/be/delivery/controller/user/user.go:44.15,46.5 1 1
capstone/be/delivery/controller/user/user.go:49.54,51.5 1 1
capstone/be/delivery/controller/user/user.go:57.58,62.18 2 1
capstone/be/delivery/controller/user/user.go:66.4,66.21 1 1
capstone/be/delivery/controller/user/user.go:62.18,64.5 1 1
capstone/be/delivery/controller/user/user.go:67.9,67.64 1 1
capstone/be/delivery/controller/user/user.go:67.64,72.18 2 1
capstone/be/delivery/controller/user/user.go:76.4,76.21 1 1
capstone/be/delivery/controller/user/user.go:72.18,74.5 1 1
capstone/be/delivery/controller/user/user.go:77.9,79.4 1 1
capstone/be/delivery/controller/user/user.go:82.101,84.4 1 0
capstone/be/delivery/controller/user/user.go:90.17,92.4 1 0
capstone/be/delivery/controller/user/user.go:98.53,99.36 1 1
capstone/be/delivery/controller/user/user.go:99.36,103.17 2 1
capstone/be/delivery/controller/user/user.go:108.3,111.17 2 1
capstone/be/delivery/controller/user/user.go:115.3,115.66 1 1
capstone/be/delivery/controller/user/user.go:103.17,105.4 1 1
capstone/be/delivery/controller/user/user.go:111.17,113.4 1 1
capstone/be/delivery/controller/user/user.go:119.52,120.36 1 1
capstone/be/delivery/controller/user/user.go:120.36,124.17 2 1
capstone/be/delivery/controller/user/user.go:129.3,129.34 1 1
capstone/be/delivery/controller/user/user.go:133.3,136.43 2 1
capstone/be/delivery/controller/user/user.go:141.3,153.17 9 1
capstone/be/delivery/controller/user/user.go:158.3,158.21 1 1
capstone/be/delivery/controller/user/user.go:168.3,168.17 1 1
capstone/be/delivery/controller/user/user.go:178.3,178.18 1 1
capstone/be/delivery/controller/user/user.go:193.3,193.18 1 1
capstone/be/delivery/controller/user/user.go:208.3,208.21 1 1
capstone/be/delivery/controller/user/user.go:231.3,231.19 1 1
capstone/be/delivery/controller/user/user.go:241.3,241.20 1 1
capstone/be/delivery/controller/user/user.go:251.3,254.14 2 1
capstone/be/delivery/controller/user/user.go:288.3,294.17 3 1
capstone/be/delivery/controller/user/user.go:298.3,298.72 1 1
capstone/be/delivery/controller/user/user.go:124.17,126.4 1 1
capstone/be/delivery/controller/user/user.go:129.34,131.4 1 0
capstone/be/delivery/controller/user/user.go:136.43,138.4 1 1
capstone/be/delivery/controller/user/user.go:153.17,155.4 1 1
capstone/be/delivery/controller/user/user.go:158.21,160.61 1 1
capstone/be/delivery/controller/user/user.go:164.4,164.38 1 1
capstone/be/delivery/controller/user/user.go:160.61,162.5 1 1
capstone/be/delivery/controller/user/user.go:168.17,170.57 1 1
capstone/be/delivery/controller/user/user.go:174.4,174.30 1 1
capstone/be/delivery/controller/user/user.go:170.57,172.5 1 1
capstone/be/delivery/controller/user/user.go:178.18,180.58 1 1
capstone/be/delivery/controller/user/user.go:185.4,185.59 1 1
capstone/be/delivery/controller/user/user.go:189.4,189.32 1 1
capstone/be/delivery/controller/user/user.go:180.58,182.5 1 1
capstone/be/delivery/controller/user/user.go:185.59,187.5 1 1
capstone/be/delivery/controller/user/user.go:193.18,195.58 1 1
capstone/be/delivery/controller/user/user.go:200.4,200.59 1 1
capstone/be/delivery/controller/user/user.go:204.4,204.32 1 1
capstone/be/delivery/controller/user/user.go:195.58,197.5 1 1
capstone/be/delivery/controller/user/user.go:200.59,202.5 1 1
capstone/be/delivery/controller/user/user.go:208.21,210.61 1 1
capstone/be/delivery/controller/user/user.go:215.4,215.65 1 1
capstone/be/delivery/controller/user/user.go:220.4,223.18 2 1
capstone/be/delivery/controller/user/user.go:227.4,227.52 1 1
capstone/be/delivery/controller/user/user.go:210.61,212.5 1 1
capstone/be/delivery/controller/user/user.go:215.65,217.5 1 1
capstone/be/delivery/controller/user/user.go:223.18,225.5 1 0
capstone/be/delivery/controller/user/user.go:231.19,233.59 1 1
capstone/be/delivery/controller/user/user.go:237.4,237.34 1 1
capstone/be/delivery/controller/user/user.go:233.59,235.5 1 1
capstone/be/delivery/controller/user/user.go:241.20,243.60 1 1
capstone/be/delivery/controller/user/user.go:247.4,247.36 1 0
capstone/be/delivery/controller/user/user.go:243.60,245.5 1 1
capstone/be/delivery/controller/user/user.go:255.12,262.18 3 0
capstone/be/delivery/controller/user/user.go:267.4,269.40 2 0
capstone/be/delivery/controller/user/user.go:276.4,276.34 1 0
capstone/be/delivery/controller/user/user.go:277.28,279.34 2 0
capstone/be/delivery/controller/user/user.go:280.29,282.34 2 1
capstone/be/delivery/controller/user/user.go:283.11,285.114 2 0
capstone/be/delivery/controller/user/user.go:262.18,264.5 1 0
capstone/be/delivery/controller/user/user.go:269.40,271.56 1 0
capstone/be/delivery/controller/user/user.go:271.56,273.6 1 0
capstone/be/delivery/controller/user/user.go:294.17,296.4 1 0
capstone/be/delivery/controller/asset/asset.go:27.51,29.2 1 1
capstone/be/delivery/controller/asset/asset.go:31.53,32.36 1 1
capstone/be/delivery/controller/asset/asset.go:32.36,34.65 1 1
capstone/be/delivery/controller/asset/asset.go:38.3,41.44 2 1
capstone/be/delivery/controller/asset/asset.go:46.3,53.27 5 1
capstone/be/delivery/controller/asset/asset.go:66.3,66.30 1 1
capstone/be/delivery/controller/asset/asset.go:71.3,79.17 5 1
capstone/be/delivery/controller/asset/asset.go:83.3,88.33 4 1
capstone/be/delivery/controller/asset/asset.go:95.3,98.14 2 1
capstone/be/delivery/controller/asset/asset.go:123.3,123.44 1 1
capstone/be/delivery/controller/asset/asset.go:135.3,135.62 1 1
capstone/be/delivery/controller/asset/asset.go:34.65,36.4 1 1
capstone/be/delivery/controller/asset/asset.go:41.44,43.4 1 1
capstone/be/delivery/controller/asset/asset.go:53.27,55.15 1 1
capstone/be/delivery/controller/asset/asset.go:60.4,60.54 1 1
capstone/be/delivery/controller/asset/asset.go:55.15,57.5 1 1
capstone/be/delivery/controller/asset/asset.go:60.54,62.5 1 1
capstone/be/delivery/controller/asset/asset.go:66.30,68.4 1 1
capstone/be/delivery/controller/asset/asset.go:79.17,81.4 1 1
capstone/be/delivery/controller/asset/asset.go:88.33,90.4 1 0
capstone/be/delivery/controller/asset/asset.go:90.9,92.4 1 1
capstone/be/delivery/controller/asset/asset.go:99.12,107.18 4 0
capstone/be/delivery/controller/asset/asset.go:111.4,111.33 1 0
capstone/be/delivery/controller/asset/asset.go:112.28,114.47 2 0
capstone/be/delivery/controller/asset/asset.go:115.29,117.47 2 1
capstone/be/delivery/controller/asset/asset.go:118.11,120.113 2 0
capstone/be/delivery/controller/asset/asset.go:107.18,109.5 1 0
capstone/be/delivery/controller/asset/asset.go:123.44,130.18 3 1
capstone/be/delivery/controller/asset/asset.go:130.18,132.5 1 0
capstone/be/delivery/controller/asset/asset.go:139.53,140.36 1 1
capstone/be/delivery/controller/asset/asset.go:140.36,144.21 2 1
capstone/be/delivery/controller/asset/asset.go:165.3,168.17 2 1
capstone/be/delivery/controller/asset/asset.go:172.3,172.69 1 1
capstone/be/delivery/controller/asset/asset.go:144.21,149.18 2 0
capstone/be/delivery/controller/asset/asset.go:154.4,157.18 2 0
capstone/be/delivery/controller/asset/asset.go:161.4,161.70 1 0
capstone/be/delivery/controller/asset/asset.go:149.18,151.5 1 0
capstone/be/delivery/controller/asset/asset.go:157.18,159.5 1 0
capstone/be/delivery/controller/asset/asset.go:168.17,170.4 1 1
capstone/be/delivery/controller/asset/asset.go:176.61,177.36 1 1
capstone/be/delivery/controller/asset/asset.go:177.36,184.17 3 1
capstone/be/delivery/controller/asset/asset.go:188.3,188.77 1 1
capstone/be/delivery/controller/asset/asset.go:184.17,186.4 1 1
capstone/be/delivery/controller/asset/asset.go:192.53,193.36 1 1
capstone/be/delivery/controller/asset/asset.go:193.36,196.65 2 1
capstone/be/delivery/controller/asset/asset.go:200.3,203.45 2 1
capstone/be/delivery/controller/asset/asset.go:208.3,208.34 1 1
capstone/be/delivery/controller/asset/asset.go:221.3,224.17 2 0
capstone/be/delivery/controller/asset/asset.go:228.3,228.62 1 0
capstone/be/delivery/controller/asset/asset.go:196.65,198.4 1 1
capstone/be/delivery/controller/asset/asset.go:203.45,206.4 2 1
capstone/be/delivery/controller/asset/asset.go:208.34,213.18 2 1
capstone/be/delivery/controller/asset/asset.go:217.4,217.63 1 1
capstone/be/delivery/controller/asset/asset.go:213.18,215.5 1 1
capstone/be/delivery/controller/asset/asset.go:224.17,226.4 1 0
capstone/be/delivery/controller/asset/asset.go:232.55,233.36 1 1
capstone/be/delivery/controller/asset/asset.go:233.36,238.17 2 1
capstone/be/delivery/controller/asset/asset.go:242.3,242.69 1 1
capstone/be/delivery/controller/asset/asset.go:238.17,240.4 1 1
